<?xml version="1.0" encoding="UTF-8"?>
<!-- Generated by org.testng.reporters.JUnitXMLReporter -->
<testsuite ignored="0" hostname="Dell-Inspiron15" failures="0" tests="4" name="Default test" time="9.816" errors="0" timestamp="2023-01-11T14:57:21 IST">
  <testcase classname="jira.Jira_03_AddAttachment_GetIssue_EndtoEnd" name="createIssue" time="1.547"/>
  <testcase classname="jira.Jira_03_AddAttachment_GetIssue_EndtoEnd" name="AddComment" time="0.292"/>
  <testcase classname="jira.Jira_03_AddAttachment_GetIssue_EndtoEnd" name="addAttachment" time="3.349"/>
  <testcase classname="jira.Jira_03_AddAttachment_GetIssue_EndtoEnd" name="UpdateComment" time="0.289"/>
</testsuite> <!-- Default test -->
